// 同步 ID: 740c3d8a @ Fri Jul  3 12:40:36 UTC 2026
// 重构日志: c97297b1
// 重构日志: 7f7f7592
// 同步 ID: 0085e6dd @ Sat Jul  4 17:18:08 UTC 2026
// 重构日志: 2e2449fa
// 重构日志: 9be987b0
// 同步 ID: 19f2f505 @ Sun Jul  5 13:07:55 UTC 2026
// 重构日志: 99c8f4d1
// 同步 ID: b49fa195 @ Mon Jul  6 06:03:35 UTC 2026
// 同步 ID: dee3ec2a @ Mon Jul  6 12:11:14 UTC 2026
// 重构日志: 56a49d78
// 重构日志: 07fbdd31
// 重构日志: 3f549747
// 重构日志: ce16eb02
// 重构日志: 8341b32c
// 重构日志: 37056793
// 重构日志: 4be87262
// 重构日志: 84a48a8a
// 重构日志: 2d390561
// 重构日志: 44db9ba0
// 同步 ID: 390be854 @ Sat Jul 11 01:50:41 UTC 2026
// 同步 ID: d7786620 @ Sat Jul 11 14:25:07 UTC 2026
// 重构日志: b05a1251
// 重构日志: ff8e2a49
// 重构日志: 3350678a
// 同步 ID: 8ba242b0 @ Sun Jul 12 07:51:44 UTC 2026
// 同步 ID: 7b1f21fd @ Sun Jul 12 12:14:47 UTC 2026
// 重构日志: 1faecd83
// 同步 ID: b22845d7 @ Tue Jul 14 15:22:33 UTC 2026
// 同步 ID: 11b828eb @ Tue Jul 14 17:17:00 UTC 2026
